C51 COMPILER V9.54   MAIN                                                                  01/03/2018 20:21:24 PAGE 1   


C51 COMPILER V9.54, COMPILATION OF MODULE MAIN
OBJECT MODULE PLACED IN .\Objects\main.obj
COMPILER INVOKED BY: D:\Keil_v5\C51\BIN\C51.EXE main.c LARGE OPTIMIZE(8,SPEED) BROWSE DEBUG OBJECTEXTEND PRINT(.\Listing
                    -s\main.lst) TABS(2) OBJECT(.\Objects\main.obj)

line level    source

   1          #include <STC15F2K60S2.H>
   2          #include <stdio.h>
   3          #include "musicalNote.h"
   4          // #include "show.h"
   5          
   6          int book1[] =
   7          {
   8            516, 517, 1021, 0, 517, 1021, 1023,  1017, 0, 0, 0, 0, 0, 0, 513,  1016, 0, 515, 1016, 1021,  1015, 0, 0,
             - 0, 0, 513, 513,
   9          
  10            1014, 0, 513, 1014, 1021,  1013, 0, 0, 0, 0, 0, 521, 521, 521,  1017, 0, 514, 1014, 1017,  1017, 0, 0, 0,
             - 0, 516, 517,
  11          
  12            1021, 0, 517, 1021, 1023,  1017, 0, 0, 0, 0, 513, 513,  1016, 0, 515, 1016, 1021,  1015, 0, 0, 0, 0, 0, 5
             -13,
  13          
  14            1014, 0, 521, 1517, 1021,  1022, 522, 523, 1021, 0, 0,  521, 517, 516, 516, 1017, 1015,  1016, 0, 0, 0, 0
             -, 521, 522,
  15          
  16            1023, 0, 522, 1023, 1025,  1022, 0, 0, 0, 0, 515, 515,  1021, 0, 517, 1021, 1023,  1023, 0, 0, 0, 0, 0, 0
             -,
  17          
  18            516, 517, 1021, 517, 521, 522, 522,  1021, 0, 515, 1015, 0, 0,  1024, 1023, 1022, 1021,  1023, 0, 0, 0, 0
             -, 0, 0,
  19          
  20          };//天空之城
  21          
  22          int book2[] =
  23          {
  24            523, 523, 523, 221, 223, 0, 525, 0, 515,  0, 221, 0, 215, 0, 513, 0, 516,  517, 217, 516, 515, 523, 225, 
             -226, 0, 224, 225,
  25          
  26            0, 223, 0, 221, 222, 517, 0, 521, 0, 215, 0,  0, 213, 0, 516, 217, 0, 217, 516, 0, 215, 513,  525, 526, 5
             -24, 525, 0, 523, 222, 221, 1017,
  27          
  28            0, 525, 224, 224, 523, 523, 215, 516, 521, 0,  216, 221, 522, 0, 225, 224, 524, 523, 0, 523, 531,  531, 5
             -31, 0, 0, 225, 224, 224,  523, 223,
  29          
  30            0, 215, 0, 216, 521, 216, 221, 0, 222, 0, 523, 0,  522, 0, 221, 0, 0, 0, 225,  0, 224, 224, 223, 0, 223, 
             -0, 215, 216, 521, 0, 216, 221, 222,
  31          
  32            0, 225, 224, 224, 523, 0, 223, 0, 221, 0, 521, 521,  0, 0, 225, 224, 224, 223, 0, 523, 215, 216,  0, 221,
             - 0, 216, 221, 222, 0, 0, 223, 0, 0, 222, 0,
  33          
  34            521, 0, 0, 0, 221, 221, 0, 221, 0,  221, 222, 0, 223, 0, 221, 0, 216, 1015, 0, 221, 521,  0, 221, 0, 221,
             - 222, 223, 0, 0, 0,
  35          
  36            221, 221, 0, 521, 221, 222, 0, 223, 221, 0, 516, 515,  0, 223, 223, 0, 223, 0, 221, 223, 0, 225, 0,  0, 5
             -15, 0, 521, 515, 0, 513,
  37          
  38            0, 516, 517, 517, 516, 515, 223, 224, 0, 226,  0, 224, 525, 0, 223, 221, 522, 517, 0, 221, 0,  0, 215, 0,
             - 1013, 516, 517, 0, 217, 516,
  39          
  40            513, 523, 225, 226, 0, 224, 225, 0, 223, 0, 221, 222,  517, 0, 223, 221, 0, 215, 215, 216, 524,  0, 524, 
C51 COMPILER V9.54   MAIN                                                                  01/03/2018 20:21:24 PAGE 2   

             -516, 0, 217, 526, 526, 226, 525, 0, 1024,
  41          
  42            523, 521, 516, 515, 0, 0, 223, 221, 0, 515,  0, 215, 216, 224, 0, 224, 1016, 0, 217, 524,  0, 224, 524, 2
             -23, 222, 0, 221, 513, 0, 213, 511, 0,
  43          
  44          
  45          }; //超级玛丽
  46          
  47          int book3[] =
  48          {
  49            0, 0, 0, 0, 0, 0, 523, 525,  526, 0, 0, 525, 526, 0, 0, 525,  526, 531, 525, 526, 523, 0, 523, 525,  526,
             - 0, 0, 525, 526, 0, 0, 525,  526, 533, 531, 532, 526, 0, 523, 525,
  50          
  51            526, 0, 0, 525, 526, 0, 0, 525,  526, 531, 525, 526, 523, 525, 521, 522,  1023, 1031, 1026, 1033,  532, 2
             -33, 232, 531, 532, 1026, 0, 0,
  52          
  53            1026, 1026, 1026, 226, 231, 232, 233,  1026, 1026, 526, 525, 525, 526,  1026, 1026, 1026, 226, 231, 232, 
             -233,  1026, 1026, 526, 534, 534, 533,
  54          
  55            1026, 1026, 1026, 226, 231, 232, 233,  1026, 1026, 526, 525, 525, 526,  1026, 1026, 1026, 226, 231, 232, 
             -233,  1036, 536, 526, 525, 526, 1026,
  56          
  57            0, 0, 0, 526, 526, 225, 725, 526,  525, 523, 523, 225, 1223, 0, 0,  0, 0, 0, 526, 526, 525, 526, 527,  10
             -31, 1027, 526, 227, 226, 1025,
  58          
  59            0, 0, 0, 526, 526, 525, 525, 226, 725,  523, 523, 225, 1223, 0, 525, 525, 526, 0, 525, 525, 526, 0, 226, 
             -227,  1031, 1032, 526, 523, 523, 525,
  60          
  61            525, 526, 0, 533, 1032, 0, 526, 0, 526, 526, 533, 1032, 0, 0, 0, 532, 532, 531, 532, 231, 726, 1025,  525
             -, 525, 526, 526, 523, 523, 525,
  62          
  63            526, 526, 526, 533, 1033, 0, 227, 231,  532, 231, 732, 533, 1026, 0, 225, 225,  1026, 733, 233, 532, 531,
             - 526, 525,  726, 726, 531, 1032, 0, 0,
  64          
  65            526, 226, 726, 225, 225, 526, 533, 0, 531,  532, 231, 732, 233, 1033, 0, 525,  526, 531, 0, 525, 526, 533
             -, 0, 233, 232, 531, 527, 526, 525, 525, 1026, 0,
  66          
  67            0, 526, 525, 523, 522, 523, 521, 515,  516, 515, 516, 0, 1016, 0, 0,  1016, 0, 0, 1017, 0, 0,  216, 217, 
             -516, 216, 517, 516, 1021, 0, 0,  517, 526, 525, 523, 522, 523, 521, 515,
  68          
  69          };//极乐净土
  70          
  71          void main()
  72          {
  73   1        unsigned char key = 0;
  74   1        initial_lcd();
  75   1        clear_screen();
  76   1        initLed();
  77   1        while (1) {
  78   2      
  79   2          key = CH452_Read();
  80   2          switch (key) {
  81   3            case 1:
  82   3              play(book1, beat, sizeof(book1) / 2);
  83   3              break;
  84   3            case 2:
  85   3              play(book2, beat, sizeof(book2) / 2);
  86   3              break;
  87   3            case 3:
  88   3              play(book3, beat, sizeof(book3) / 2);
  89   3              break;
  90   3            default:
C51 COMPILER V9.54   MAIN                                                                  01/03/2018 20:21:24 PAGE 3   

  91   3              break;
  92   3          }
  93   2      
  94   2        }
  95   1      }
*** WARNING C291 IN LINE 94 OF main.c: not every exit path returns a value


MODULE INFORMATION:   STATIC OVERLAYABLE
   CODE SIZE        =   4464    ----
   CONSTANT SIZE    =     64    ----
   XDATA SIZE       =   1594     121
   PDATA SIZE       =   ----    ----
   DATA SIZE        =   ----    ----
   IDATA SIZE       =   ----    ----
   BIT SIZE         =   ----    ----
END OF MODULE INFORMATION.


C51 COMPILATION COMPLETE.  1 WARNING(S),  0 ERROR(S)
